<?xml version="1.0"?>
<testsuite name="HeadlessChrome 75.0.3738 (Mac OS X 10.14.2)" package="" timestamp="2019-05-08T12:00:02" id="0" hostname="LTP-0027474" tests="13" errors="0" failures="1" time="0.109">
  <properties>
    <property name="browser.fullName" value="Mozilla/5.0 (Macintosh; Intel Mac OS X 10_14_2) AppleWebKit/537.36 (KHTML, like Gecko) HeadlessChrome/75.0.3738.0 Safari/537.36"/>
  </properties>
  <testcase name="ParserPipe create an instance" time="0.017" classname="ParserPipe"/>
  <testcase name="ParserPipe create an embed iframe for given youtube link " time="0.056" classname="ParserPipe">
    <failure type="">TypeError: Cannot read property 'link' of undefined
    at ParserPipe../src/app/chat/message/parser.pipe.ts.ParserPipe.automaticLinks (src/app/chat/message/parser.pipe.ts:16:23)
    at ParserPipe../src/app/chat/message/parser.pipe.ts.ParserPipe.transform (src/app/chat/message/parser.pipe.ts:11:59)
    at UserContext.&lt;anonymous&gt; (src/app/chat/message/parser.pipe.spec.ts:23:17)
    at TestBedViewEngine.push../node_modules/@angular/core/fesm5/testing.js.TestBedViewEngine.execute (node_modules/@angular/core/fesm5/testing.js:1822:1)
    at UserContext.&lt;anonymous&gt; (node_modules/@angular/core/fesm5/testing.js:1991:29)
    at ZoneDelegate../node_modules/zone.js/dist/zone.js.ZoneDelegate.invoke (node_modules/zone.js/dist/zone.js:391:1)
    at ProxyZoneSpec.push../node_modules/zone.js/dist/zone-testing.js.ProxyZoneSpec.onInvoke (node_modules/zone.js/dist/zone-testing.js:289:1)
    at ZoneDelegate../node_modules/zone.js/dist/zone.js.ZoneDelegate.invoke (node_modules/zone.js/dist/zone.js:390:1)
    at Zone../node_modules/zone.js/dist/zone.js.Zone.run (node_modules/zone.js/dist/zone.js:150:1)
    at runInTestZone (node_modules/zone.js/dist/zone-testing.js:510:1)
</failure>
  </testcase>
  <testcase name="Logger should create an instance" time="0" classname="Logger"/>
  <testcase name="Logger should add a new LogOutput and receives log entries" time="0.002" classname="Logger"/>
  <testcase name="Logger should add a new LogOutput and receives only production log entries" time="0" classname="Logger"/>
  <testcase name="LocalStorageService should be created" time="0.004" classname="LocalStorageService"/>
  <testcase name="LocalStorageService testLocalStorage should be executable" time="0.005" classname="LocalStorageService"/>
  <testcase name="LocalStorageService should get, set, and remove the item" time="0.003" classname="LocalStorageService"/>
  <testcase name="LocalStorageService should load initial state" time="0.004" classname="LocalStorageService"/>
  <testcase name="LocalStorageService should load nested initial state" time="0.003" classname="LocalStorageService"/>
  <testcase name="LocalStorageService should load initial state with camel case property" time="0.004" classname="LocalStorageService"/>
  <testcase name="LocalStorageService should load nested initial state with camel case properties" time="0.003" classname="LocalStorageService"/>
  <testcase name="SocketioService should be created" time="0.008" classname="SocketioService"/>
  <system-out>
    <![CDATA[
]]>
  </system-out>
  <system-err/>
</testsuite>